<?xml version="1.0" encoding="UTF-8"?>
<testng-results skipped="0" failed="0" ignored="0" total="1" passed="1">
  <reporter-output>
  </reporter-output>
  <suite name="Command line suite" duration-ms="10" started-at="2020-05-10T03:36:16 IST" finished-at="2020-05-10T03:36:16 IST">
    <groups>
    </groups>
    <test name="Command line test" duration-ms="10" started-at="2020-05-10T03:36:16 IST" finished-at="2020-05-10T03:36:16 IST">
      <class name="MavenFirstAnkita.MavenJava.AppTest">
        <test-method status="PASS" signature="testApp()[pri:0, instance:testApp(MavenFirstAnkita.MavenJava.AppTest)]" name="testApp" duration-ms="0" started-at="2020-05-10T03:36:16 IST" finished-at="2020-05-10T03:36:16 IST">
          <reporter-output>
          </reporter-output>
        </test-method> <!-- testApp -->
      </class> <!-- MavenFirstAnkita.MavenJava.AppTest -->
    </test> <!-- Command line test -->
  </suite> <!-- Command line suite -->
</testng-results>
