<?xml version="1.0" encoding="UTF-8"?>
<testng-results skipped="0" failed="0" ignored="0" total="2" passed="2">
  <reporter-output>
  </reporter-output>
  <suite name="Command line suite" duration-ms="70" started-at="2020-05-10T03:36:16 IST" finished-at="2020-05-10T03:36:16 IST">
    <groups>
    </groups>
    <test name="Command line test" duration-ms="70" started-at="2020-05-10T03:36:16 IST" finished-at="2020-05-10T03:36:16 IST">
      <class name="MavenFirstAnkita.MavenJava.SeleniumTest">
        <test-method status="PASS" signature="SCR()[pri:0, instance:MavenFirstAnkita.MavenJava.SeleniumTest@6d4b1c02]" name="SCR" duration-ms="0" started-at="2020-05-10T03:36:16 IST" finished-at="2020-05-10T03:36:16 IST">
          <reporter-output>
          </reporter-output>
        </test-method> <!-- SCR -->
      </class> <!-- MavenFirstAnkita.MavenJava.SeleniumTest -->
      <class name="MavenFirstAnkita.MavenJava.APITest">
        <test-method status="PASS" signature="Api()[pri:0, instance:MavenFirstAnkita.MavenJava.APITest@7cd62f43]" name="Api" duration-ms="10" started-at="2020-05-10T03:36:16 IST" finished-at="2020-05-10T03:36:16 IST">
          <reporter-output>
          </reporter-output>
        </test-method> <!-- Api -->
      </class> <!-- MavenFirstAnkita.MavenJava.APITest -->
    </test> <!-- Command line test -->
  </suite> <!-- Command line suite -->
</testng-results>
