<?xml version="1.0" encoding="UTF-8"?>
<testng-results skipped="0" failed="0" ignored="0" total="1" passed="1">
  <reporter-output>
  </reporter-output>
  <suite name="Suite" duration-ms="102" started-at="2020-05-10T03:38:19 IST" finished-at="2020-05-10T03:38:19 IST">
    <groups>
    </groups>
    <test name="Test" duration-ms="102" started-at="2020-05-10T03:38:19 IST" finished-at="2020-05-10T03:38:19 IST">
      <class name="MavenFirstAnkita.MavenJava.APITest">
        <test-method status="PASS" signature="Api()[pri:0, instance:MavenFirstAnkita.MavenJava.APITest@42dafa95]" name="Api" duration-ms="10" started-at="2020-05-10T03:38:19 IST" finished-at="2020-05-10T03:38:19 IST">
          <reporter-output>
          </reporter-output>
        </test-method> <!-- Api -->
      </class> <!-- MavenFirstAnkita.MavenJava.APITest -->
    </test> <!-- Test -->
  </suite> <!-- Suite -->
</testng-results>
